<?xml version="1.0" encoding="UTF-8"?>
<coverage generated="1527770586" clover="5b0feddaf2e7b">
  <project timestamp="1527770586" name="atoum code coverage">
    <package name="atoumCodeCoverage">
      <file name="Configuration.php" path="/var/www/web/App/Libraries/Configuration.php">
        <line num="16" type="stmt" complexity="0" count="0" falsecount="0" truecount="0" signature="" testduration="0" testsuccess="0"/>
        <line num="17" type="stmt" complexity="0" count="0" falsecount="0" truecount="0" signature="" testduration="0" testsuccess="0"/>
        <line num="23" type="stmt" complexity="0" count="0" falsecount="0" truecount="0" signature="" testduration="0" testsuccess="0"/>
        <line num="24" type="stmt" complexity="0" count="0" falsecount="0" truecount="0" signature="" testduration="0" testsuccess="0"/>
        <line num="25" type="stmt" complexity="0" count="0" falsecount="0" truecount="0" signature="" testduration="0" testsuccess="0"/>
        <line num="26" type="stmt" complexity="0" count="0" falsecount="0" truecount="0" signature="" testduration="0" testsuccess="0"/>
        <line num="27" type="stmt" complexity="0" count="0" falsecount="0" truecount="0" signature="" testduration="0" testsuccess="0"/>
        <line num="28" type="stmt" complexity="0" count="0" falsecount="0" truecount="0" signature="" testduration="0" testsuccess="0"/>
        <line num="29" type="stmt" complexity="0" count="0" falsecount="0" truecount="0" signature="" testduration="0" testsuccess="0"/>
        <line num="30" type="stmt" complexity="0" count="0" falsecount="0" truecount="0" signature="" testduration="0" testsuccess="0"/>
        <line num="33" type="stmt" complexity="0" count="0" falsecount="0" truecount="0" signature="" testduration="0" testsuccess="0"/>
        <line num="41" type="stmt" complexity="0" count="1" falsecount="0" truecount="0" signature="" testduration="0" testsuccess="0"/>
        <line num="50" type="stmt" complexity="0" count="0" falsecount="0" truecount="0" signature="" testduration="0" testsuccess="0"/>
        <line num="61" type="stmt" complexity="0" count="1" falsecount="0" truecount="0" signature="" testduration="0" testsuccess="0"/>
        <line num="70" type="stmt" complexity="0" count="0" falsecount="0" truecount="0" signature="" testduration="0" testsuccess="0"/>
        <line num="81" type="stmt" complexity="0" count="0" falsecount="0" truecount="0" signature="" testduration="0" testsuccess="0"/>
        <line num="90" type="stmt" complexity="0" count="1" falsecount="0" truecount="0" signature="" testduration="0" testsuccess="0"/>
        <line num="100" type="stmt" complexity="0" count="0" falsecount="0" truecount="0" signature="" testduration="0" testsuccess="0"/>
        <line num="111" type="stmt" complexity="0" count="0" falsecount="0" truecount="0" signature="" testduration="0" testsuccess="0"/>
        <line num="112" type="stmt" complexity="0" count="0" falsecount="0" truecount="0" signature="" testduration="0" testsuccess="0"/>
        <line num="114" type="stmt" complexity="0" count="0" falsecount="0" truecount="0" signature="" testduration="0" testsuccess="0"/>
        <line num="118" type="stmt" complexity="0" count="0" falsecount="0" truecount="0" signature="" testduration="0" testsuccess="0"/>
        <line num="127" type="stmt" complexity="0" count="0" falsecount="0" truecount="0" signature="" testduration="0" testsuccess="0"/>
        <line num="136" type="stmt" complexity="0" count="0" falsecount="0" truecount="0" signature="" testduration="0" testsuccess="0"/>
        <line num="147" type="stmt" complexity="0" count="1" falsecount="0" truecount="0" signature="" testduration="0" testsuccess="0"/>
        <line num="156" type="stmt" complexity="0" count="0" falsecount="0" truecount="0" signature="" testduration="0" testsuccess="0"/>
        <line num="165" type="stmt" complexity="0" count="0" falsecount="0" truecount="0" signature="" testduration="0" testsuccess="0"/>
        <line num="174" type="stmt" complexity="0" count="0" falsecount="0" truecount="0" signature="" testduration="0" testsuccess="0"/>
        <line num="183" type="stmt" complexity="0" count="0" falsecount="0" truecount="0" signature="" testduration="0" testsuccess="0"/>
        <line num="188" type="stmt" complexity="0" count="0" falsecount="0" truecount="0" signature="" testduration="0" testsuccess="0"/>
        <line num="199" type="stmt" complexity="0" count="0" falsecount="0" truecount="0" signature="" testduration="0" testsuccess="0"/>
        <line num="210" type="stmt" complexity="0" count="0" falsecount="0" truecount="0" signature="" testduration="0" testsuccess="0"/>
        <line num="211" type="stmt" complexity="0" count="0" falsecount="0" truecount="0" signature="" testduration="0" testsuccess="0"/>
        <line num="213" type="stmt" complexity="0" count="0" falsecount="0" truecount="0" signature="" testduration="0" testsuccess="0"/>
        <line num="222" type="stmt" complexity="0" count="0" falsecount="0" truecount="0" signature="" testduration="0" testsuccess="0"/>
        <line num="231" type="stmt" complexity="0" count="0" falsecount="0" truecount="0" signature="" testduration="0" testsuccess="0"/>
        <line num="235" type="stmt" complexity="0" count="0" falsecount="0" truecount="0" signature="" testduration="0" testsuccess="0"/>
        <line num="246" type="stmt" complexity="0" count="0" falsecount="0" truecount="0" signature="" testduration="0" testsuccess="0"/>
        <line num="250" type="stmt" complexity="0" count="0" falsecount="0" truecount="0" signature="" testduration="0" testsuccess="0"/>
        <line num="254" type="stmt" complexity="0" count="0" falsecount="0" truecount="0" signature="" testduration="0" testsuccess="0"/>
        <line num="258" type="stmt" complexity="0" count="0" falsecount="0" truecount="0" signature="" testduration="0" testsuccess="0"/>
        <line num="262" type="stmt" complexity="0" count="0" falsecount="0" truecount="0" signature="" testduration="0" testsuccess="0"/>
        <line num="266" type="stmt" complexity="0" count="0" falsecount="0" truecount="0" signature="" testduration="0" testsuccess="0"/>
        <line num="270" type="stmt" complexity="0" count="0" falsecount="0" truecount="0" signature="" testduration="0" testsuccess="0"/>
        <line num="274" type="stmt" complexity="0" count="0" falsecount="0" truecount="0" signature="" testduration="0" testsuccess="0"/>
        <line num="285" type="stmt" complexity="0" count="0" falsecount="0" truecount="0" signature="" testduration="0" testsuccess="0"/>
        <line num="289" type="stmt" complexity="0" count="0" falsecount="0" truecount="0" signature="" testduration="0" testsuccess="0"/>
        <line num="293" type="stmt" complexity="0" count="0" falsecount="0" truecount="0" signature="" testduration="0" testsuccess="0"/>
        <line num="304" type="stmt" complexity="0" count="0" falsecount="0" truecount="0" signature="" testduration="0" testsuccess="0"/>
        <line num="309" type="stmt" complexity="0" count="0" falsecount="0" truecount="0" signature="" testduration="0" testsuccess="0"/>
        <line num="320" type="stmt" complexity="0" count="0" falsecount="0" truecount="0" signature="" testduration="0" testsuccess="0"/>
        <line num="325" type="stmt" complexity="0" count="0" falsecount="0" truecount="0" signature="" testduration="0" testsuccess="0"/>
        <line num="330" type="stmt" complexity="0" count="0" falsecount="0" truecount="0" signature="" testduration="0" testsuccess="0"/>
        <line num="335" type="stmt" complexity="0" count="0" falsecount="0" truecount="0" signature="" testduration="0" testsuccess="0"/>
        <line num="346" type="stmt" complexity="0" count="0" falsecount="0" truecount="0" signature="" testduration="0" testsuccess="0"/>
        <line num="351" type="stmt" complexity="0" count="0" falsecount="0" truecount="0" signature="" testduration="0" testsuccess="0"/>
        <line num="356" type="stmt" complexity="0" count="0" falsecount="0" truecount="0" signature="" testduration="0" testsuccess="0"/>
        <line num="361" type="stmt" complexity="0" count="0" falsecount="0" truecount="0" signature="" testduration="0" testsuccess="0"/>
        <line num="366" type="stmt" complexity="0" count="0" falsecount="0" truecount="0" signature="" testduration="0" testsuccess="0"/>
        <line num="371" type="stmt" complexity="0" count="0" falsecount="0" truecount="0" signature="" testduration="0" testsuccess="0"/>
        <line num="376" type="stmt" complexity="0" count="0" falsecount="0" truecount="0" signature="" testduration="0" testsuccess="0"/>
        <line num="381" type="stmt" complexity="0" count="0" falsecount="0" truecount="0" signature="" testduration="0" testsuccess="0"/>
        <line num="386" type="stmt" complexity="0" count="0" falsecount="0" truecount="0" signature="" testduration="0" testsuccess="0"/>
        <line num="391" type="stmt" complexity="0" count="0" falsecount="0" truecount="0" signature="" testduration="0" testsuccess="0"/>
        <line num="402" type="stmt" complexity="0" count="0" falsecount="0" truecount="0" signature="" testduration="0" testsuccess="0"/>
        <line num="407" type="stmt" complexity="0" count="0" falsecount="0" truecount="0" signature="" testduration="0" testsuccess="0"/>
        <line num="412" type="stmt" complexity="0" count="0" falsecount="0" truecount="0" signature="" testduration="0" testsuccess="0"/>
        <line num="422" type="stmt" complexity="0" count="0" falsecount="0" truecount="0" signature="" testduration="0" testsuccess="0"/>
        <line num="426" type="stmt" complexity="0" count="0" falsecount="0" truecount="0" signature="" testduration="0" testsuccess="0"/>
        <line num="431" type="stmt" complexity="0" count="0" falsecount="0" truecount="0" signature="" testduration="0" testsuccess="0"/>
        <line num="441" type="stmt" complexity="0" count="0" falsecount="0" truecount="0" signature="" testduration="0" testsuccess="0"/>
        <line num="445" type="stmt" complexity="0" count="0" falsecount="0" truecount="0" signature="" testduration="0" testsuccess="0"/>
        <line num="449" type="stmt" complexity="0" count="0" falsecount="0" truecount="0" signature="" testduration="0" testsuccess="0"/>
        <line num="460" type="stmt" complexity="0" count="0" falsecount="0" truecount="0" signature="" testduration="0" testsuccess="0"/>
        <line num="473" type="stmt" complexity="0" count="1" falsecount="0" truecount="0" signature="" testduration="0" testsuccess="0"/>
        <line num="474" type="stmt" complexity="0" count="0" falsecount="0" truecount="0" signature="" testduration="0" testsuccess="0"/>
        <line num="476" type="stmt" complexity="0" count="1" falsecount="0" truecount="0" signature="" testduration="0" testsuccess="0"/>
        <line num="478" type="stmt" complexity="0" count="1" falsecount="0" truecount="0" signature="" testduration="0" testsuccess="0"/>
        <line num="479" type="stmt" complexity="0" count="1" falsecount="0" truecount="0" signature="" testduration="0" testsuccess="0"/>
        <line num="482" type="stmt" complexity="0" count="1" falsecount="0" truecount="0" signature="" testduration="0" testsuccess="0"/>
        <class name="Configuration">
          <metrics complexity="0" elements="142" coveredelements="9" conditionals="0" coveredconditionals="0" statements="80" coveredstatements="9" methods="62" coveredmethods="0" testduration="0" testfailures="0" testpasses="0" testruns="0"/>
        </class>
        <metrics complexity="0" elements="142" coveredelements="13" conditionals="0" coveredconditionals="0" statements="80" coveredstatements="9" methods="62" coveredmethods="4" testduration="0" testfailures="0" testpasses="0" testruns="0" classes="1" loc="80" ncloc="80"/>
      </file>
      <file name="Groupe.php" path="/var/www/web/App/ProtoControllers/Groupe.php">
        <line num="22" type="stmt" complexity="0" count="0" falsecount="0" truecount="0" signature="" testduration="0" testsuccess="0"/>
        <line num="23" type="stmt" complexity="0" count="0" falsecount="0" truecount="0" signature="" testduration="0" testsuccess="0"/>
        <line num="24" type="stmt" complexity="0" count="0" falsecount="0" truecount="0" signature="" testduration="0" testsuccess="0"/>
        <line num="25" type="stmt" complexity="0" count="0" falsecount="0" truecount="0" signature="" testduration="0" testsuccess="0"/>
        <line num="26" type="stmt" complexity="0" count="0" falsecount="0" truecount="0" signature="" testduration="0" testsuccess="0"/>
        <line num="29" type="stmt" complexity="0" count="0" falsecount="0" truecount="0" signature="" testduration="0" testsuccess="0"/>
        <line num="32" type="stmt" complexity="0" count="0" falsecount="0" truecount="0" signature="" testduration="0" testsuccess="0"/>
        <line num="48" type="stmt" complexity="0" count="1" falsecount="0" truecount="0" signature="" testduration="0" testsuccess="0"/>
        <line num="51" type="stmt" complexity="0" count="1" falsecount="0" truecount="0" signature="" testduration="0" testsuccess="0"/>
        <line num="52" type="stmt" complexity="0" count="0" falsecount="0" truecount="0" signature="" testduration="0" testsuccess="0"/>
        <line num="53" type="stmt" complexity="0" count="0" falsecount="0" truecount="0" signature="" testduration="0" testsuccess="0"/>
        <line num="55" type="stmt" complexity="0" count="1" falsecount="0" truecount="0" signature="" testduration="0" testsuccess="0"/>
        <line num="56" type="stmt" complexity="0" count="1" falsecount="0" truecount="0" signature="" testduration="0" testsuccess="0"/>
        <line num="58" type="stmt" complexity="0" count="1" falsecount="0" truecount="0" signature="" testduration="0" testsuccess="0"/>
        <line num="59" type="stmt" complexity="0" count="1" falsecount="0" truecount="0" signature="" testduration="0" testsuccess="0"/>
        <line num="60" type="stmt" complexity="0" count="1" falsecount="0" truecount="0" signature="" testduration="0" testsuccess="0"/>
        <line num="62" type="stmt" complexity="0" count="1" falsecount="0" truecount="0" signature="" testduration="0" testsuccess="0"/>
        <line num="74" type="stmt" complexity="0" count="1" falsecount="0" truecount="0" signature="" testduration="0" testsuccess="0"/>
        <line num="78" type="stmt" complexity="0" count="1" falsecount="0" truecount="0" signature="" testduration="0" testsuccess="0"/>
        <line num="80" type="stmt" complexity="0" count="1" falsecount="0" truecount="0" signature="" testduration="0" testsuccess="0"/>
        <line num="81" type="stmt" complexity="0" count="1" falsecount="0" truecount="0" signature="" testduration="0" testsuccess="0"/>
        <line num="82" type="stmt" complexity="0" count="1" falsecount="0" truecount="0" signature="" testduration="0" testsuccess="0"/>
        <line num="85" type="stmt" complexity="0" count="1" falsecount="0" truecount="0" signature="" testduration="0" testsuccess="0"/>
        <line num="98" type="stmt" complexity="0" count="1" falsecount="0" truecount="0" signature="" testduration="0" testsuccess="0"/>
        <line num="99" type="stmt" complexity="0" count="1" falsecount="0" truecount="0" signature="" testduration="0" testsuccess="0"/>
        <line num="101" type="stmt" complexity="0" count="1" falsecount="0" truecount="0" signature="" testduration="0" testsuccess="0"/>
        <line num="103" type="stmt" complexity="0" count="1" falsecount="0" truecount="0" signature="" testduration="0" testsuccess="0"/>
        <line num="105" type="stmt" complexity="0" count="1" falsecount="0" truecount="0" signature="" testduration="0" testsuccess="0"/>
        <line num="106" type="stmt" complexity="0" count="1" falsecount="0" truecount="0" signature="" testduration="0" testsuccess="0"/>
        <line num="107" type="stmt" complexity="0" count="1" falsecount="0" truecount="0" signature="" testduration="0" testsuccess="0"/>
        <line num="111" type="stmt" complexity="0" count="1" falsecount="0" truecount="0" signature="" testduration="0" testsuccess="0"/>
        <line num="117" type="stmt" complexity="0" count="1" falsecount="0" truecount="0" signature="" testduration="0" testsuccess="0"/>
        <line num="127" type="stmt" complexity="0" count="1" falsecount="0" truecount="0" signature="" testduration="0" testsuccess="0"/>
        <line num="129" type="stmt" complexity="0" count="1" falsecount="0" truecount="0" signature="" testduration="0" testsuccess="0"/>
        <line num="130" type="stmt" complexity="0" count="1" falsecount="0" truecount="0" signature="" testduration="0" testsuccess="0"/>
        <line num="131" type="stmt" complexity="0" count="1" falsecount="0" truecount="0" signature="" testduration="0" testsuccess="0"/>
        <line num="132" type="stmt" complexity="0" count="1" falsecount="0" truecount="0" signature="" testduration="0" testsuccess="0"/>
        <line num="135" type="stmt" complexity="0" count="1" falsecount="0" truecount="0" signature="" testduration="0" testsuccess="0"/>
        <line num="148" type="stmt" complexity="0" count="1" falsecount="0" truecount="0" signature="" testduration="0" testsuccess="0"/>
        <line num="149" type="stmt" complexity="0" count="0" falsecount="0" truecount="0" signature="" testduration="0" testsuccess="0"/>
        <line num="154" type="stmt" complexity="0" count="1" falsecount="0" truecount="0" signature="" testduration="0" testsuccess="0"/>
        <line num="155" type="stmt" complexity="0" count="1" falsecount="0" truecount="0" signature="" testduration="0" testsuccess="0"/>
        <line num="157" type="stmt" complexity="0" count="1" falsecount="0" truecount="0" signature="" testduration="0" testsuccess="0"/>
        <line num="159" type="stmt" complexity="0" count="1" falsecount="0" truecount="0" signature="" testduration="0" testsuccess="0"/>
        <line num="174" type="stmt" complexity="0" count="1" falsecount="0" truecount="0" signature="" testduration="0" testsuccess="0"/>
        <line num="175" type="stmt" complexity="0" count="0" falsecount="0" truecount="0" signature="" testduration="0" testsuccess="0"/>
        <line num="180" type="stmt" complexity="0" count="1" falsecount="0" truecount="0" signature="" testduration="0" testsuccess="0"/>
        <line num="181" type="stmt" complexity="0" count="1" falsecount="0" truecount="0" signature="" testduration="0" testsuccess="0"/>
        <line num="183" type="stmt" complexity="0" count="1" falsecount="0" truecount="0" signature="" testduration="0" testsuccess="0"/>
        <line num="185" type="stmt" complexity="0" count="1" falsecount="0" truecount="0" signature="" testduration="0" testsuccess="0"/>
        <class name="Groupe">
          <metrics complexity="0" elements="57" coveredelements="39" conditionals="0" coveredconditionals="0" statements="50" coveredstatements="39" methods="7" coveredmethods="0" testduration="0" testfailures="0" testpasses="0" testruns="0"/>
        </class>
        <metrics complexity="0" elements="57" coveredelements="42" conditionals="0" coveredconditionals="0" statements="50" coveredstatements="39" methods="7" coveredmethods="3" testduration="0" testfailures="0" testpasses="0" testruns="0" classes="1" loc="50" ncloc="50"/>
      </file>
      <file name="Utilisateur.php" path="/var/www/web/App/ProtoControllers/Groupe/Utilisateur.php">
        <line num="25" type="stmt" complexity="0" count="0" falsecount="0" truecount="0" signature="" testduration="0" testsuccess="0"/>
        <line num="26" type="stmt" complexity="0" count="0" falsecount="0" truecount="0" signature="" testduration="0" testsuccess="0"/>
        <line num="29" type="stmt" complexity="0" count="0" falsecount="0" truecount="0" signature="" testduration="0" testsuccess="0"/>
        <line num="30" type="stmt" complexity="0" count="0" falsecount="0" truecount="0" signature="" testduration="0" testsuccess="0"/>
        <line num="33" type="stmt" complexity="0" count="0" falsecount="0" truecount="0" signature="" testduration="0" testsuccess="0"/>
        <line num="34" type="stmt" complexity="0" count="0" falsecount="0" truecount="0" signature="" testduration="0" testsuccess="0"/>
        <line num="36" type="stmt" complexity="0" count="0" falsecount="0" truecount="0" signature="" testduration="0" testsuccess="0"/>
        <line num="37" type="stmt" complexity="0" count="0" falsecount="0" truecount="0" signature="" testduration="0" testsuccess="0"/>
        <line num="38" type="stmt" complexity="0" count="0" falsecount="0" truecount="0" signature="" testduration="0" testsuccess="0"/>
        <line num="41" type="stmt" complexity="0" count="0" falsecount="0" truecount="0" signature="" testduration="0" testsuccess="0"/>
        <line num="49" type="stmt" complexity="0" count="1" falsecount="0" truecount="0" signature="" testduration="0" testsuccess="0"/>
        <line num="50" type="stmt" complexity="0" count="1" falsecount="0" truecount="0" signature="" testduration="0" testsuccess="0"/>
        <line num="52" type="stmt" complexity="0" count="1" falsecount="0" truecount="0" signature="" testduration="0" testsuccess="0"/>
        <line num="54" type="stmt" complexity="0" count="1" falsecount="0" truecount="0" signature="" testduration="0" testsuccess="0"/>
        <class name="Utilisateur">
          <metrics complexity="0" elements="16" coveredelements="4" conditionals="0" coveredconditionals="0" statements="14" coveredstatements="4" methods="2" coveredmethods="0" testduration="0" testfailures="0" testpasses="0" testruns="0"/>
        </class>
        <metrics complexity="0" elements="16" coveredelements="5" conditionals="0" coveredconditionals="0" statements="14" coveredstatements="4" methods="2" coveredmethods="1" testduration="0" testfailures="0" testpasses="0" testruns="0" classes="1" loc="14" ncloc="14"/>
      </file>
      <file name="Utilisateur.php" path="/var/www/web/App/ProtoControllers/HautResponsable/Utilisateur.php">
        <line num="23" type="stmt" complexity="0" count="0" falsecount="0" truecount="0" signature="" testduration="0" testsuccess="0"/>
        <line num="24" type="stmt" complexity="0" count="0" falsecount="0" truecount="0" signature="" testduration="0" testsuccess="0"/>
        <line num="25" type="stmt" complexity="0" count="0" falsecount="0" truecount="0" signature="" testduration="0" testsuccess="0"/>
        <line num="27" type="stmt" complexity="0" count="0" falsecount="0" truecount="0" signature="" testduration="0" testsuccess="0"/>
        <line num="28" type="stmt" complexity="0" count="0" falsecount="0" truecount="0" signature="" testduration="0" testsuccess="0"/>
        <line num="30" type="stmt" complexity="0" count="0" falsecount="0" truecount="0" signature="" testduration="0" testsuccess="0"/>
        <line num="31" type="stmt" complexity="0" count="0" falsecount="0" truecount="0" signature="" testduration="0" testsuccess="0"/>
        <line num="33" type="stmt" complexity="0" count="0" falsecount="0" truecount="0" signature="" testduration="0" testsuccess="0"/>
        <line num="34" type="stmt" complexity="0" count="0" falsecount="0" truecount="0" signature="" testduration="0" testsuccess="0"/>
        <line num="36" type="stmt" complexity="0" count="0" falsecount="0" truecount="0" signature="" testduration="0" testsuccess="0"/>
        <line num="37" type="stmt" complexity="0" count="0" falsecount="0" truecount="0" signature="" testduration="0" testsuccess="0"/>
        <line num="40" type="stmt" complexity="0" count="0" falsecount="0" truecount="0" signature="" testduration="0" testsuccess="0"/>
        <line num="41" type="stmt" complexity="0" count="0" falsecount="0" truecount="0" signature="" testduration="0" testsuccess="0"/>
        <line num="42" type="stmt" complexity="0" count="0" falsecount="0" truecount="0" signature="" testduration="0" testsuccess="0"/>
        <line num="48" type="stmt" complexity="0" count="0" falsecount="0" truecount="0" signature="" testduration="0" testsuccess="0"/>
        <line num="49" type="stmt" complexity="0" count="0" falsecount="0" truecount="0" signature="" testduration="0" testsuccess="0"/>
        <line num="50" type="stmt" complexity="0" count="0" falsecount="0" truecount="0" signature="" testduration="0" testsuccess="0"/>
        <line num="51" type="stmt" complexity="0" count="0" falsecount="0" truecount="0" signature="" testduration="0" testsuccess="0"/>
        <line num="52" type="stmt" complexity="0" count="0" falsecount="0" truecount="0" signature="" testduration="0" testsuccess="0"/>
        <line num="53" type="stmt" complexity="0" count="0" falsecount="0" truecount="0" signature="" testduration="0" testsuccess="0"/>
        <line num="54" type="stmt" complexity="0" count="0" falsecount="0" truecount="0" signature="" testduration="0" testsuccess="0"/>
        <line num="57" type="stmt" complexity="0" count="0" falsecount="0" truecount="0" signature="" testduration="0" testsuccess="0"/>
        <line num="58" type="stmt" complexity="0" count="0" falsecount="0" truecount="0" signature="" testduration="0" testsuccess="0"/>
        <line num="61" type="stmt" complexity="0" count="0" falsecount="0" truecount="0" signature="" testduration="0" testsuccess="0"/>
        <line num="62" type="stmt" complexity="0" count="0" falsecount="0" truecount="0" signature="" testduration="0" testsuccess="0"/>
        <line num="65" type="stmt" complexity="0" count="0" falsecount="0" truecount="0" signature="" testduration="0" testsuccess="0"/>
        <line num="66" type="stmt" complexity="0" count="0" falsecount="0" truecount="0" signature="" testduration="0" testsuccess="0"/>
        <line num="67" type="stmt" complexity="0" count="0" falsecount="0" truecount="0" signature="" testduration="0" testsuccess="0"/>
        <line num="68" type="stmt" complexity="0" count="0" falsecount="0" truecount="0" signature="" testduration="0" testsuccess="0"/>
        <line num="70" type="stmt" complexity="0" count="0" falsecount="0" truecount="0" signature="" testduration="0" testsuccess="0"/>
        <line num="71" type="stmt" complexity="0" count="0" falsecount="0" truecount="0" signature="" testduration="0" testsuccess="0"/>
        <line num="72" type="stmt" complexity="0" count="0" falsecount="0" truecount="0" signature="" testduration="0" testsuccess="0"/>
        <line num="74" type="stmt" complexity="0" count="0" falsecount="0" truecount="0" signature="" testduration="0" testsuccess="0"/>
        <line num="75" type="stmt" complexity="0" count="0" falsecount="0" truecount="0" signature="" testduration="0" testsuccess="0"/>
        <line num="76" type="stmt" complexity="0" count="0" falsecount="0" truecount="0" signature="" testduration="0" testsuccess="0"/>
        <line num="77" type="stmt" complexity="0" count="0" falsecount="0" truecount="0" signature="" testduration="0" testsuccess="0"/>
        <line num="78" type="stmt" complexity="0" count="0" falsecount="0" truecount="0" signature="" testduration="0" testsuccess="0"/>
        <line num="80" type="stmt" complexity="0" count="0" falsecount="0" truecount="0" signature="" testduration="0" testsuccess="0"/>
        <line num="81" type="stmt" complexity="0" count="0" falsecount="0" truecount="0" signature="" testduration="0" testsuccess="0"/>
        <line num="82" type="stmt" complexity="0" count="0" falsecount="0" truecount="0" signature="" testduration="0" testsuccess="0"/>
        <line num="83" type="stmt" complexity="0" count="0" falsecount="0" truecount="0" signature="" testduration="0" testsuccess="0"/>
        <line num="85" type="stmt" complexity="0" count="0" falsecount="0" truecount="0" signature="" testduration="0" testsuccess="0"/>
        <line num="86" type="stmt" complexity="0" count="0" falsecount="0" truecount="0" signature="" testduration="0" testsuccess="0"/>
        <line num="87" type="stmt" complexity="0" count="0" falsecount="0" truecount="0" signature="" testduration="0" testsuccess="0"/>
        <line num="89" type="stmt" complexity="0" count="0" falsecount="0" truecount="0" signature="" testduration="0" testsuccess="0"/>
        <line num="90" type="stmt" complexity="0" count="0" falsecount="0" truecount="0" signature="" testduration="0" testsuccess="0"/>
        <line num="92" type="stmt" complexity="0" count="0" falsecount="0" truecount="0" signature="" testduration="0" testsuccess="0"/>
        <line num="93" type="stmt" complexity="0" count="0" falsecount="0" truecount="0" signature="" testduration="0" testsuccess="0"/>
        <line num="95" type="stmt" complexity="0" count="0" falsecount="0" truecount="0" signature="" testduration="0" testsuccess="0"/>
        <line num="96" type="stmt" complexity="0" count="0" falsecount="0" truecount="0" signature="" testduration="0" testsuccess="0"/>
        <line num="99" type="stmt" complexity="0" count="0" falsecount="0" truecount="0" signature="" testduration="0" testsuccess="0"/>
        <line num="100" type="stmt" complexity="0" count="0" falsecount="0" truecount="0" signature="" testduration="0" testsuccess="0"/>
        <line num="103" type="stmt" complexity="0" count="0" falsecount="0" truecount="0" signature="" testduration="0" testsuccess="0"/>
        <line num="104" type="stmt" complexity="0" count="0" falsecount="0" truecount="0" signature="" testduration="0" testsuccess="0"/>
        <line num="106" type="stmt" complexity="0" count="0" falsecount="0" truecount="0" signature="" testduration="0" testsuccess="0"/>
        <line num="108" type="stmt" complexity="0" count="0" falsecount="0" truecount="0" signature="" testduration="0" testsuccess="0"/>
        <line num="110" type="stmt" complexity="0" count="0" falsecount="0" truecount="0" signature="" testduration="0" testsuccess="0"/>
        <line num="111" type="stmt" complexity="0" count="0" falsecount="0" truecount="0" signature="" testduration="0" testsuccess="0"/>
        <line num="112" type="stmt" complexity="0" count="0" falsecount="0" truecount="0" signature="" testduration="0" testsuccess="0"/>
        <line num="113" type="stmt" complexity="0" count="0" falsecount="0" truecount="0" signature="" testduration="0" testsuccess="0"/>
        <line num="115" type="stmt" complexity="0" count="0" falsecount="0" truecount="0" signature="" testduration="0" testsuccess="0"/>
        <line num="116" type="stmt" complexity="0" count="0" falsecount="0" truecount="0" signature="" testduration="0" testsuccess="0"/>
        <line num="120" type="stmt" complexity="0" count="0" falsecount="0" truecount="0" signature="" testduration="0" testsuccess="0"/>
        <line num="121" type="stmt" complexity="0" count="0" falsecount="0" truecount="0" signature="" testduration="0" testsuccess="0"/>
        <line num="122" type="stmt" complexity="0" count="0" falsecount="0" truecount="0" signature="" testduration="0" testsuccess="0"/>
        <line num="124" type="stmt" complexity="0" count="0" falsecount="0" truecount="0" signature="" testduration="0" testsuccess="0"/>
        <line num="127" type="stmt" complexity="0" count="0" falsecount="0" truecount="0" signature="" testduration="0" testsuccess="0"/>
        <line num="128" type="stmt" complexity="0" count="0" falsecount="0" truecount="0" signature="" testduration="0" testsuccess="0"/>
        <line num="131" type="stmt" complexity="0" count="0" falsecount="0" truecount="0" signature="" testduration="0" testsuccess="0"/>
        <line num="132" type="stmt" complexity="0" count="0" falsecount="0" truecount="0" signature="" testduration="0" testsuccess="0"/>
        <line num="133" type="stmt" complexity="0" count="0" falsecount="0" truecount="0" signature="" testduration="0" testsuccess="0"/>
        <line num="134" type="stmt" complexity="0" count="0" falsecount="0" truecount="0" signature="" testduration="0" testsuccess="0"/>
        <line num="135" type="stmt" complexity="0" count="0" falsecount="0" truecount="0" signature="" testduration="0" testsuccess="0"/>
        <line num="136" type="stmt" complexity="0" count="0" falsecount="0" truecount="0" signature="" testduration="0" testsuccess="0"/>
        <line num="139" type="stmt" complexity="0" count="0" falsecount="0" truecount="0" signature="" testduration="0" testsuccess="0"/>
        <line num="140" type="stmt" complexity="0" count="0" falsecount="0" truecount="0" signature="" testduration="0" testsuccess="0"/>
        <line num="141" type="stmt" complexity="0" count="0" falsecount="0" truecount="0" signature="" testduration="0" testsuccess="0"/>
        <line num="142" type="stmt" complexity="0" count="0" falsecount="0" truecount="0" signature="" testduration="0" testsuccess="0"/>
        <line num="143" type="stmt" complexity="0" count="0" falsecount="0" truecount="0" signature="" testduration="0" testsuccess="0"/>
        <line num="144" type="stmt" complexity="0" count="0" falsecount="0" truecount="0" signature="" testduration="0" testsuccess="0"/>
        <line num="146" type="stmt" complexity="0" count="0" falsecount="0" truecount="0" signature="" testduration="0" testsuccess="0"/>
        <line num="158" type="stmt" complexity="0" count="0" falsecount="0" truecount="0" signature="" testduration="0" testsuccess="0"/>
        <line num="159" type="stmt" complexity="0" count="0" falsecount="0" truecount="0" signature="" testduration="0" testsuccess="0"/>
        <line num="160" type="stmt" complexity="0" count="0" falsecount="0" truecount="0" signature="" testduration="0" testsuccess="0"/>
        <line num="161" type="stmt" complexity="0" count="0" falsecount="0" truecount="0" signature="" testduration="0" testsuccess="0"/>
        <line num="162" type="stmt" complexity="0" count="0" falsecount="0" truecount="0" signature="" testduration="0" testsuccess="0"/>
        <line num="163" type="stmt" complexity="0" count="0" falsecount="0" truecount="0" signature="" testduration="0" testsuccess="0"/>
        <line num="165" type="stmt" complexity="0" count="0" falsecount="0" truecount="0" signature="" testduration="0" testsuccess="0"/>
        <line num="180" type="stmt" complexity="0" count="0" falsecount="0" truecount="0" signature="" testduration="0" testsuccess="0"/>
        <line num="181" type="stmt" complexity="0" count="0" falsecount="0" truecount="0" signature="" testduration="0" testsuccess="0"/>
        <line num="183" type="stmt" complexity="0" count="0" falsecount="0" truecount="0" signature="" testduration="0" testsuccess="0"/>
        <line num="184" type="stmt" complexity="0" count="0" falsecount="0" truecount="0" signature="" testduration="0" testsuccess="0"/>
        <line num="185" type="stmt" complexity="0" count="0" falsecount="0" truecount="0" signature="" testduration="0" testsuccess="0"/>
        <line num="186" type="stmt" complexity="0" count="0" falsecount="0" truecount="0" signature="" testduration="0" testsuccess="0"/>
        <line num="187" type="stmt" complexity="0" count="0" falsecount="0" truecount="0" signature="" testduration="0" testsuccess="0"/>
        <line num="188" type="stmt" complexity="0" count="0" falsecount="0" truecount="0" signature="" testduration="0" testsuccess="0"/>
        <line num="189" type="stmt" complexity="0" count="0" falsecount="0" truecount="0" signature="" testduration="0" testsuccess="0"/>
        <line num="190" type="stmt" complexity="0" count="0" falsecount="0" truecount="0" signature="" testduration="0" testsuccess="0"/>
        <line num="191" type="stmt" complexity="0" count="0" falsecount="0" truecount="0" signature="" testduration="0" testsuccess="0"/>
        <line num="192" type="stmt" complexity="0" count="0" falsecount="0" truecount="0" signature="" testduration="0" testsuccess="0"/>
        <line num="193" type="stmt" complexity="0" count="0" falsecount="0" truecount="0" signature="" testduration="0" testsuccess="0"/>
        <line num="194" type="stmt" complexity="0" count="0" falsecount="0" truecount="0" signature="" testduration="0" testsuccess="0"/>
        <line num="197" type="stmt" complexity="0" count="0" falsecount="0" truecount="0" signature="" testduration="0" testsuccess="0"/>
        <line num="198" type="stmt" complexity="0" count="0" falsecount="0" truecount="0" signature="" testduration="0" testsuccess="0"/>
        <line num="199" type="stmt" complexity="0" count="0" falsecount="0" truecount="0" signature="" testduration="0" testsuccess="0"/>
        <line num="200" type="stmt" complexity="0" count="0" falsecount="0" truecount="0" signature="" testduration="0" testsuccess="0"/>
        <line num="202" type="stmt" complexity="0" count="0" falsecount="0" truecount="0" signature="" testduration="0" testsuccess="0"/>
        <line num="203" type="stmt" complexity="0" count="0" falsecount="0" truecount="0" signature="" testduration="0" testsuccess="0"/>
        <line num="204" type="stmt" complexity="0" count="0" falsecount="0" truecount="0" signature="" testduration="0" testsuccess="0"/>
        <line num="205" type="stmt" complexity="0" count="0" falsecount="0" truecount="0" signature="" testduration="0" testsuccess="0"/>
        <line num="207" type="stmt" complexity="0" count="0" falsecount="0" truecount="0" signature="" testduration="0" testsuccess="0"/>
        <line num="212" type="stmt" complexity="0" count="0" falsecount="0" truecount="0" signature="" testduration="0" testsuccess="0"/>
        <line num="213" type="stmt" complexity="0" count="0" falsecount="0" truecount="0" signature="" testduration="0" testsuccess="0"/>
        <line num="215" type="stmt" complexity="0" count="0" falsecount="0" truecount="0" signature="" testduration="0" testsuccess="0"/>
        <line num="217" type="stmt" complexity="0" count="0" falsecount="0" truecount="0" signature="" testduration="0" testsuccess="0"/>
        <line num="219" type="stmt" complexity="0" count="0" falsecount="0" truecount="0" signature="" testduration="0" testsuccess="0"/>
        <line num="221" type="stmt" complexity="0" count="0" falsecount="0" truecount="0" signature="" testduration="0" testsuccess="0"/>
        <line num="222" type="stmt" complexity="0" count="0" falsecount="0" truecount="0" signature="" testduration="0" testsuccess="0"/>
        <line num="223" type="stmt" complexity="0" count="0" falsecount="0" truecount="0" signature="" testduration="0" testsuccess="0"/>
        <line num="230" type="stmt" complexity="0" count="0" falsecount="0" truecount="0" signature="" testduration="0" testsuccess="0"/>
        <line num="231" type="stmt" complexity="0" count="0" falsecount="0" truecount="0" signature="" testduration="0" testsuccess="0"/>
        <line num="232" type="stmt" complexity="0" count="0" falsecount="0" truecount="0" signature="" testduration="0" testsuccess="0"/>
        <line num="233" type="stmt" complexity="0" count="0" falsecount="0" truecount="0" signature="" testduration="0" testsuccess="0"/>
        <line num="234" type="stmt" complexity="0" count="0" falsecount="0" truecount="0" signature="" testduration="0" testsuccess="0"/>
        <line num="235" type="stmt" complexity="0" count="0" falsecount="0" truecount="0" signature="" testduration="0" testsuccess="0"/>
        <line num="236" type="stmt" complexity="0" count="0" falsecount="0" truecount="0" signature="" testduration="0" testsuccess="0"/>
        <line num="237" type="stmt" complexity="0" count="0" falsecount="0" truecount="0" signature="" testduration="0" testsuccess="0"/>
        <line num="239" type="stmt" complexity="0" count="0" falsecount="0" truecount="0" signature="" testduration="0" testsuccess="0"/>
        <line num="240" type="stmt" complexity="0" count="0" falsecount="0" truecount="0" signature="" testduration="0" testsuccess="0"/>
        <line num="241" type="stmt" complexity="0" count="0" falsecount="0" truecount="0" signature="" testduration="0" testsuccess="0"/>
        <line num="242" type="stmt" complexity="0" count="0" falsecount="0" truecount="0" signature="" testduration="0" testsuccess="0"/>
        <line num="243" type="stmt" complexity="0" count="0" falsecount="0" truecount="0" signature="" testduration="0" testsuccess="0"/>
        <line num="244" type="stmt" complexity="0" count="0" falsecount="0" truecount="0" signature="" testduration="0" testsuccess="0"/>
        <line num="246" type="stmt" complexity="0" count="0" falsecount="0" truecount="0" signature="" testduration="0" testsuccess="0"/>
        <line num="247" type="stmt" complexity="0" count="0" falsecount="0" truecount="0" signature="" testduration="0" testsuccess="0"/>
        <line num="248" type="stmt" complexity="0" count="0" falsecount="0" truecount="0" signature="" testduration="0" testsuccess="0"/>
        <line num="250" type="stmt" complexity="0" count="0" falsecount="0" truecount="0" signature="" testduration="0" testsuccess="0"/>
        <line num="251" type="stmt" complexity="0" count="0" falsecount="0" truecount="0" signature="" testduration="0" testsuccess="0"/>
        <line num="252" type="stmt" complexity="0" count="0" falsecount="0" truecount="0" signature="" testduration="0" testsuccess="0"/>
        <line num="253" type="stmt" complexity="0" count="0" falsecount="0" truecount="0" signature="" testduration="0" testsuccess="0"/>
        <line num="254" type="stmt" complexity="0" count="0" falsecount="0" truecount="0" signature="" testduration="0" testsuccess="0"/>
        <line num="255" type="stmt" complexity="0" count="0" falsecount="0" truecount="0" signature="" testduration="0" testsuccess="0"/>
        <line num="256" type="stmt" complexity="0" count="0" falsecount="0" truecount="0" signature="" testduration="0" testsuccess="0"/>
        <line num="259" type="stmt" complexity="0" count="0" falsecount="0" truecount="0" signature="" testduration="0" testsuccess="0"/>
        <line num="261" type="stmt" complexity="0" count="0" falsecount="0" truecount="0" signature="" testduration="0" testsuccess="0"/>
        <line num="262" type="stmt" complexity="0" count="0" falsecount="0" truecount="0" signature="" testduration="0" testsuccess="0"/>
        <line num="264" type="stmt" complexity="0" count="0" falsecount="0" truecount="0" signature="" testduration="0" testsuccess="0"/>
        <line num="265" type="stmt" complexity="0" count="0" falsecount="0" truecount="0" signature="" testduration="0" testsuccess="0"/>
        <line num="267" type="stmt" complexity="0" count="0" falsecount="0" truecount="0" signature="" testduration="0" testsuccess="0"/>
        <line num="268" type="stmt" complexity="0" count="0" falsecount="0" truecount="0" signature="" testduration="0" testsuccess="0"/>
        <line num="270" type="stmt" complexity="0" count="0" falsecount="0" truecount="0" signature="" testduration="0" testsuccess="0"/>
        <line num="273" type="stmt" complexity="0" count="0" falsecount="0" truecount="0" signature="" testduration="0" testsuccess="0"/>
        <line num="274" type="stmt" complexity="0" count="0" falsecount="0" truecount="0" signature="" testduration="0" testsuccess="0"/>
        <line num="276" type="stmt" complexity="0" count="0" falsecount="0" truecount="0" signature="" testduration="0" testsuccess="0"/>
        <line num="277" type="stmt" complexity="0" count="0" falsecount="0" truecount="0" signature="" testduration="0" testsuccess="0"/>
        <line num="279" type="stmt" complexity="0" count="0" falsecount="0" truecount="0" signature="" testduration="0" testsuccess="0"/>
        <line num="280" type="stmt" complexity="0" count="0" falsecount="0" truecount="0" signature="" testduration="0" testsuccess="0"/>
        <line num="282" type="stmt" complexity="0" count="0" falsecount="0" truecount="0" signature="" testduration="0" testsuccess="0"/>
        <line num="283" type="stmt" complexity="0" count="0" falsecount="0" truecount="0" signature="" testduration="0" testsuccess="0"/>
        <line num="285" type="stmt" complexity="0" count="0" falsecount="0" truecount="0" signature="" testduration="0" testsuccess="0"/>
        <line num="286" type="stmt" complexity="0" count="0" falsecount="0" truecount="0" signature="" testduration="0" testsuccess="0"/>
        <line num="288" type="stmt" complexity="0" count="0" falsecount="0" truecount="0" signature="" testduration="0" testsuccess="0"/>
        <line num="289" type="stmt" complexity="0" count="0" falsecount="0" truecount="0" signature="" testduration="0" testsuccess="0"/>
        <line num="290" type="stmt" complexity="0" count="0" falsecount="0" truecount="0" signature="" testduration="0" testsuccess="0"/>
        <line num="292" type="stmt" complexity="0" count="0" falsecount="0" truecount="0" signature="" testduration="0" testsuccess="0"/>
        <line num="293" type="stmt" complexity="0" count="0" falsecount="0" truecount="0" signature="" testduration="0" testsuccess="0"/>
        <line num="294" type="stmt" complexity="0" count="0" falsecount="0" truecount="0" signature="" testduration="0" testsuccess="0"/>
        <line num="295" type="stmt" complexity="0" count="0" falsecount="0" truecount="0" signature="" testduration="0" testsuccess="0"/>
        <line num="296" type="stmt" complexity="0" count="0" falsecount="0" truecount="0" signature="" testduration="0" testsuccess="0"/>
        <line num="297" type="stmt" complexity="0" count="0" falsecount="0" truecount="0" signature="" testduration="0" testsuccess="0"/>
        <line num="298" type="stmt" complexity="0" count="0" falsecount="0" truecount="0" signature="" testduration="0" testsuccess="0"/>
        <line num="300" type="stmt" complexity="0" count="0" falsecount="0" truecount="0" signature="" testduration="0" testsuccess="0"/>
        <line num="301" type="stmt" complexity="0" count="0" falsecount="0" truecount="0" signature="" testduration="0" testsuccess="0"/>
        <line num="303" type="stmt" complexity="0" count="0" falsecount="0" truecount="0" signature="" testduration="0" testsuccess="0"/>
        <line num="304" type="stmt" complexity="0" count="0" falsecount="0" truecount="0" signature="" testduration="0" testsuccess="0"/>
        <line num="305" type="stmt" complexity="0" count="0" falsecount="0" truecount="0" signature="" testduration="0" testsuccess="0"/>
        <line num="307" type="stmt" complexity="0" count="0" falsecount="0" truecount="0" signature="" testduration="0" testsuccess="0"/>
        <line num="308" type="stmt" complexity="0" count="0" falsecount="0" truecount="0" signature="" testduration="0" testsuccess="0"/>
        <line num="311" type="stmt" complexity="0" count="0" falsecount="0" truecount="0" signature="" testduration="0" testsuccess="0"/>
        <line num="312" type="stmt" complexity="0" count="0" falsecount="0" truecount="0" signature="" testduration="0" testsuccess="0"/>
        <line num="313" type="stmt" complexity="0" count="0" falsecount="0" truecount="0" signature="" testduration="0" testsuccess="0"/>
        <line num="315" type="stmt" complexity="0" count="0" falsecount="0" truecount="0" signature="" testduration="0" testsuccess="0"/>
        <line num="329" type="stmt" complexity="0" count="0" falsecount="0" truecount="0" signature="" testduration="0" testsuccess="0"/>
        <line num="330" type="stmt" complexity="0" count="0" falsecount="0" truecount="0" signature="" testduration="0" testsuccess="0"/>
        <line num="331" type="stmt" complexity="0" count="0" falsecount="0" truecount="0" signature="" testduration="0" testsuccess="0"/>
        <line num="332" type="stmt" complexity="0" count="0" falsecount="0" truecount="0" signature="" testduration="0" testsuccess="0"/>
        <line num="333" type="stmt" complexity="0" count="0" falsecount="0" truecount="0" signature="" testduration="0" testsuccess="0"/>
        <line num="334" type="stmt" complexity="0" count="0" falsecount="0" truecount="0" signature="" testduration="0" testsuccess="0"/>
        <line num="335" type="stmt" complexity="0" count="0" falsecount="0" truecount="0" signature="" testduration="0" testsuccess="0"/>
        <line num="336" type="stmt" complexity="0" count="0" falsecount="0" truecount="0" signature="" testduration="0" testsuccess="0"/>
        <line num="337" type="stmt" complexity="0" count="0" falsecount="0" truecount="0" signature="" testduration="0" testsuccess="0"/>
        <line num="340" type="stmt" complexity="0" count="0" falsecount="0" truecount="0" signature="" testduration="0" testsuccess="0"/>
        <line num="341" type="stmt" complexity="0" count="0" falsecount="0" truecount="0" signature="" testduration="0" testsuccess="0"/>
        <line num="342" type="stmt" complexity="0" count="0" falsecount="0" truecount="0" signature="" testduration="0" testsuccess="0"/>
        <line num="348" type="stmt" complexity="0" count="0" falsecount="0" truecount="0" signature="" testduration="0" testsuccess="0"/>
        <line num="349" type="stmt" complexity="0" count="0" falsecount="0" truecount="0" signature="" testduration="0" testsuccess="0"/>
        <line num="350" type="stmt" complexity="0" count="0" falsecount="0" truecount="0" signature="" testduration="0" testsuccess="0"/>
        <line num="351" type="stmt" complexity="0" count="0" falsecount="0" truecount="0" signature="" testduration="0" testsuccess="0"/>
        <line num="352" type="stmt" complexity="0" count="0" falsecount="0" truecount="0" signature="" testduration="0" testsuccess="0"/>
        <line num="353" type="stmt" complexity="0" count="0" falsecount="0" truecount="0" signature="" testduration="0" testsuccess="0"/>
        <line num="354" type="stmt" complexity="0" count="0" falsecount="0" truecount="0" signature="" testduration="0" testsuccess="0"/>
        <line num="355" type="stmt" complexity="0" count="0" falsecount="0" truecount="0" signature="" testduration="0" testsuccess="0"/>
        <line num="356" type="stmt" complexity="0" count="0" falsecount="0" truecount="0" signature="" testduration="0" testsuccess="0"/>
        <line num="357" type="stmt" complexity="0" count="0" falsecount="0" truecount="0" signature="" testduration="0" testsuccess="0"/>
        <line num="358" type="stmt" complexity="0" count="0" falsecount="0" truecount="0" signature="" testduration="0" testsuccess="0"/>
        <line num="359" type="stmt" complexity="0" count="0" falsecount="0" truecount="0" signature="" testduration="0" testsuccess="0"/>
        <line num="361" type="stmt" complexity="0" count="0" falsecount="0" truecount="0" signature="" testduration="0" testsuccess="0"/>
        <line num="362" type="stmt" complexity="0" count="0" falsecount="0" truecount="0" signature="" testduration="0" testsuccess="0"/>
        <line num="363" type="stmt" complexity="0" count="0" falsecount="0" truecount="0" signature="" testduration="0" testsuccess="0"/>
        <line num="364" type="stmt" complexity="0" count="0" falsecount="0" truecount="0" signature="" testduration="0" testsuccess="0"/>
        <line num="365" type="stmt" complexity="0" count="0" falsecount="0" truecount="0" signature="" testduration="0" testsuccess="0"/>
        <line num="366" type="stmt" complexity="0" count="0" falsecount="0" truecount="0" signature="" testduration="0" testsuccess="0"/>
        <line num="367" type="stmt" complexity="0" count="0" falsecount="0" truecount="0" signature="" testduration="0" testsuccess="0"/>
        <line num="368" type="stmt" complexity="0" count="0" falsecount="0" truecount="0" signature="" testduration="0" testsuccess="0"/>
        <line num="369" type="stmt" complexity="0" count="0" falsecount="0" truecount="0" signature="" testduration="0" testsuccess="0"/>
        <line num="370" type="stmt" complexity="0" count="0" falsecount="0" truecount="0" signature="" testduration="0" testsuccess="0"/>
        <line num="371" type="stmt" complexity="0" count="0" falsecount="0" truecount="0" signature="" testduration="0" testsuccess="0"/>
        <line num="372" type="stmt" complexity="0" count="0" falsecount="0" truecount="0" signature="" testduration="0" testsuccess="0"/>
        <line num="374" type="stmt" complexity="0" count="0" falsecount="0" truecount="0" signature="" testduration="0" testsuccess="0"/>
        <line num="375" type="stmt" complexity="0" count="0" falsecount="0" truecount="0" signature="" testduration="0" testsuccess="0"/>
        <line num="376" type="stmt" complexity="0" count="0" falsecount="0" truecount="0" signature="" testduration="0" testsuccess="0"/>
        <line num="377" type="stmt" complexity="0" count="0" falsecount="0" truecount="0" signature="" testduration="0" testsuccess="0"/>
        <line num="378" type="stmt" complexity="0" count="0" falsecount="0" truecount="0" signature="" testduration="0" testsuccess="0"/>
        <line num="379" type="stmt" complexity="0" count="0" falsecount="0" truecount="0" signature="" testduration="0" testsuccess="0"/>
        <line num="380" type="stmt" complexity="0" count="0" falsecount="0" truecount="0" signature="" testduration="0" testsuccess="0"/>
        <line num="381" type="stmt" complexity="0" count="0" falsecount="0" truecount="0" signature="" testduration="0" testsuccess="0"/>
        <line num="382" type="stmt" complexity="0" count="0" falsecount="0" truecount="0" signature="" testduration="0" testsuccess="0"/>
        <line num="383" type="stmt" complexity="0" count="0" falsecount="0" truecount="0" signature="" testduration="0" testsuccess="0"/>
        <line num="384" type="stmt" complexity="0" count="0" falsecount="0" truecount="0" signature="" testduration="0" testsuccess="0"/>
        <line num="387" type="stmt" complexity="0" count="0" falsecount="0" truecount="0" signature="" testduration="0" testsuccess="0"/>
        <line num="388" type="stmt" complexity="0" count="0" falsecount="0" truecount="0" signature="" testduration="0" testsuccess="0"/>
        <line num="389" type="stmt" complexity="0" count="0" falsecount="0" truecount="0" signature="" testduration="0" testsuccess="0"/>
        <line num="390" type="stmt" complexity="0" count="0" falsecount="0" truecount="0" signature="" testduration="0" testsuccess="0"/>
        <line num="391" type="stmt" complexity="0" count="0" falsecount="0" truecount="0" signature="" testduration="0" testsuccess="0"/>
        <line num="392" type="stmt" complexity="0" count="0" falsecount="0" truecount="0" signature="" testduration="0" testsuccess="0"/>
        <line num="394" type="stmt" complexity="0" count="0" falsecount="0" truecount="0" signature="" testduration="0" testsuccess="0"/>
        <line num="405" type="stmt" complexity="0" count="0" falsecount="0" truecount="0" signature="" testduration="0" testsuccess="0"/>
        <line num="406" type="stmt" complexity="0" count="0" falsecount="0" truecount="0" signature="" testduration="0" testsuccess="0"/>
        <line num="407" type="stmt" complexity="0" count="0" falsecount="0" truecount="0" signature="" testduration="0" testsuccess="0"/>
        <line num="408" type="stmt" complexity="0" count="0" falsecount="0" truecount="0" signature="" testduration="0" testsuccess="0"/>
        <line num="409" type="stmt" complexity="0" count="0" falsecount="0" truecount="0" signature="" testduration="0" testsuccess="0"/>
        <line num="416" type="stmt" complexity="0" count="0" falsecount="0" truecount="0" signature="" testduration="0" testsuccess="0"/>
        <line num="417" type="stmt" complexity="0" count="0" falsecount="0" truecount="0" signature="" testduration="0" testsuccess="0"/>
        <line num="418" type="stmt" complexity="0" count="0" falsecount="0" truecount="0" signature="" testduration="0" testsuccess="0"/>
        <line num="419" type="stmt" complexity="0" count="0" falsecount="0" truecount="0" signature="" testduration="0" testsuccess="0"/>
        <line num="421" type="stmt" complexity="0" count="0" falsecount="0" truecount="0" signature="" testduration="0" testsuccess="0"/>
        <line num="422" type="stmt" complexity="0" count="0" falsecount="0" truecount="0" signature="" testduration="0" testsuccess="0"/>
        <line num="423" type="stmt" complexity="0" count="0" falsecount="0" truecount="0" signature="" testduration="0" testsuccess="0"/>
        <line num="424" type="stmt" complexity="0" count="0" falsecount="0" truecount="0" signature="" testduration="0" testsuccess="0"/>
        <line num="425" type="stmt" complexity="0" count="0" falsecount="0" truecount="0" signature="" testduration="0" testsuccess="0"/>
        <line num="426" type="stmt" complexity="0" count="0" falsecount="0" truecount="0" signature="" testduration="0" testsuccess="0"/>
        <line num="427" type="stmt" complexity="0" count="0" falsecount="0" truecount="0" signature="" testduration="0" testsuccess="0"/>
        <line num="429" type="stmt" complexity="0" count="0" falsecount="0" truecount="0" signature="" testduration="0" testsuccess="0"/>
        <line num="431" type="stmt" complexity="0" count="0" falsecount="0" truecount="0" signature="" testduration="0" testsuccess="0"/>
        <line num="432" type="stmt" complexity="0" count="0" falsecount="0" truecount="0" signature="" testduration="0" testsuccess="0"/>
        <line num="433" type="stmt" complexity="0" count="0" falsecount="0" truecount="0" signature="" testduration="0" testsuccess="0"/>
        <line num="434" type="stmt" complexity="0" count="0" falsecount="0" truecount="0" signature="" testduration="0" testsuccess="0"/>
        <line num="435" type="stmt" complexity="0" count="0" falsecount="0" truecount="0" signature="" testduration="0" testsuccess="0"/>
        <line num="438" type="stmt" complexity="0" count="0" falsecount="0" truecount="0" signature="" testduration="0" testsuccess="0"/>
        <line num="439" type="stmt" complexity="0" count="0" falsecount="0" truecount="0" signature="" testduration="0" testsuccess="0"/>
        <line num="440" type="stmt" complexity="0" count="0" falsecount="0" truecount="0" signature="" testduration="0" testsuccess="0"/>
        <line num="441" type="stmt" complexity="0" count="0" falsecount="0" truecount="0" signature="" testduration="0" testsuccess="0"/>
        <line num="442" type="stmt" complexity="0" count="0" falsecount="0" truecount="0" signature="" testduration="0" testsuccess="0"/>
        <line num="443" type="stmt" complexity="0" count="0" falsecount="0" truecount="0" signature="" testduration="0" testsuccess="0"/>
        <line num="445" type="stmt" complexity="0" count="0" falsecount="0" truecount="0" signature="" testduration="0" testsuccess="0"/>
        <line num="446" type="stmt" complexity="0" count="0" falsecount="0" truecount="0" signature="" testduration="0" testsuccess="0"/>
        <line num="447" type="stmt" complexity="0" count="0" falsecount="0" truecount="0" signature="" testduration="0" testsuccess="0"/>
        <line num="448" type="stmt" complexity="0" count="0" falsecount="0" truecount="0" signature="" testduration="0" testsuccess="0"/>
        <line num="449" type="stmt" complexity="0" count="0" falsecount="0" truecount="0" signature="" testduration="0" testsuccess="0"/>
        <line num="451" type="stmt" complexity="0" count="0" falsecount="0" truecount="0" signature="" testduration="0" testsuccess="0"/>
        <line num="462" type="stmt" complexity="0" count="0" falsecount="0" truecount="0" signature="" testduration="0" testsuccess="0"/>
        <line num="463" type="stmt" complexity="0" count="0" falsecount="0" truecount="0" signature="" testduration="0" testsuccess="0"/>
        <line num="464" type="stmt" complexity="0" count="0" falsecount="0" truecount="0" signature="" testduration="0" testsuccess="0"/>
        <line num="465" type="stmt" complexity="0" count="0" falsecount="0" truecount="0" signature="" testduration="0" testsuccess="0"/>
        <line num="466" type="stmt" complexity="0" count="0" falsecount="0" truecount="0" signature="" testduration="0" testsuccess="0"/>
        <line num="468" type="stmt" complexity="0" count="0" falsecount="0" truecount="0" signature="" testduration="0" testsuccess="0"/>
        <line num="471" type="stmt" complexity="0" count="0" falsecount="0" truecount="0" signature="" testduration="0" testsuccess="0"/>
        <line num="472" type="stmt" complexity="0" count="0" falsecount="0" truecount="0" signature="" testduration="0" testsuccess="0"/>
        <line num="475" type="stmt" complexity="0" count="0" falsecount="0" truecount="0" signature="" testduration="0" testsuccess="0"/>
        <line num="476" type="stmt" complexity="0" count="0" falsecount="0" truecount="0" signature="" testduration="0" testsuccess="0"/>
        <line num="478" type="stmt" complexity="0" count="0" falsecount="0" truecount="0" signature="" testduration="0" testsuccess="0"/>
        <line num="479" type="stmt" complexity="0" count="0" falsecount="0" truecount="0" signature="" testduration="0" testsuccess="0"/>
        <line num="480" type="stmt" complexity="0" count="0" falsecount="0" truecount="0" signature="" testduration="0" testsuccess="0"/>
        <line num="481" type="stmt" complexity="0" count="0" falsecount="0" truecount="0" signature="" testduration="0" testsuccess="0"/>
        <line num="483" type="stmt" complexity="0" count="0" falsecount="0" truecount="0" signature="" testduration="0" testsuccess="0"/>
        <line num="488" type="stmt" complexity="0" count="0" falsecount="0" truecount="0" signature="" testduration="0" testsuccess="0"/>
        <line num="490" type="stmt" complexity="0" count="0" falsecount="0" truecount="0" signature="" testduration="0" testsuccess="0"/>
        <line num="491" type="stmt" complexity="0" count="0" falsecount="0" truecount="0" signature="" testduration="0" testsuccess="0"/>
        <line num="492" type="stmt" complexity="0" count="0" falsecount="0" truecount="0" signature="" testduration="0" testsuccess="0"/>
        <line num="493" type="stmt" complexity="0" count="0" falsecount="0" truecount="0" signature="" testduration="0" testsuccess="0"/>
        <line num="499" type="stmt" complexity="0" count="0" falsecount="0" truecount="0" signature="" testduration="0" testsuccess="0"/>
        <line num="500" type="stmt" complexity="0" count="0" falsecount="0" truecount="0" signature="" testduration="0" testsuccess="0"/>
        <line num="501" type="stmt" complexity="0" count="0" falsecount="0" truecount="0" signature="" testduration="0" testsuccess="0"/>
        <line num="502" type="stmt" complexity="0" count="0" falsecount="0" truecount="0" signature="" testduration="0" testsuccess="0"/>
        <line num="503" type="stmt" complexity="0" count="0" falsecount="0" truecount="0" signature="" testduration="0" testsuccess="0"/>
        <line num="504" type="stmt" complexity="0" count="0" falsecount="0" truecount="0" signature="" testduration="0" testsuccess="0"/>
        <line num="505" type="stmt" complexity="0" count="0" falsecount="0" truecount="0" signature="" testduration="0" testsuccess="0"/>
        <line num="506" type="stmt" complexity="0" count="0" falsecount="0" truecount="0" signature="" testduration="0" testsuccess="0"/>
        <line num="507" type="stmt" complexity="0" count="0" falsecount="0" truecount="0" signature="" testduration="0" testsuccess="0"/>
        <line num="508" type="stmt" complexity="0" count="0" falsecount="0" truecount="0" signature="" testduration="0" testsuccess="0"/>
        <line num="509" type="stmt" complexity="0" count="0" falsecount="0" truecount="0" signature="" testduration="0" testsuccess="0"/>
        <line num="510" type="stmt" complexity="0" count="0" falsecount="0" truecount="0" signature="" testduration="0" testsuccess="0"/>
        <line num="511" type="stmt" complexity="0" count="0" falsecount="0" truecount="0" signature="" testduration="0" testsuccess="0"/>
        <line num="512" type="stmt" complexity="0" count="0" falsecount="0" truecount="0" signature="" testduration="0" testsuccess="0"/>
        <line num="513" type="stmt" complexity="0" count="0" falsecount="0" truecount="0" signature="" testduration="0" testsuccess="0"/>
        <line num="514" type="stmt" complexity="0" count="0" falsecount="0" truecount="0" signature="" testduration="0" testsuccess="0"/>
        <line num="515" type="stmt" complexity="0" count="0" falsecount="0" truecount="0" signature="" testduration="0" testsuccess="0"/>
        <line num="516" type="stmt" complexity="0" count="0" falsecount="0" truecount="0" signature="" testduration="0" testsuccess="0"/>
        <line num="517" type="stmt" complexity="0" count="0" falsecount="0" truecount="0" signature="" testduration="0" testsuccess="0"/>
        <line num="518" type="stmt" complexity="0" count="0" falsecount="0" truecount="0" signature="" testduration="0" testsuccess="0"/>
        <line num="519" type="stmt" complexity="0" count="0" falsecount="0" truecount="0" signature="" testduration="0" testsuccess="0"/>
        <line num="520" type="stmt" complexity="0" count="0" falsecount="0" truecount="0" signature="" testduration="0" testsuccess="0"/>
        <line num="521" type="stmt" complexity="0" count="0" falsecount="0" truecount="0" signature="" testduration="0" testsuccess="0"/>
        <line num="523" type="stmt" complexity="0" count="0" falsecount="0" truecount="0" signature="" testduration="0" testsuccess="0"/>
        <line num="537" type="stmt" complexity="0" count="1" falsecount="0" truecount="0" signature="" testduration="0" testsuccess="0"/>
        <line num="538" type="stmt" complexity="0" count="1" falsecount="0" truecount="0" signature="" testduration="0" testsuccess="0"/>
        <line num="539" type="stmt" complexity="0" count="0" falsecount="0" truecount="0" signature="" testduration="0" testsuccess="0"/>
        <line num="540" type="stmt" complexity="0" count="1" falsecount="0" truecount="0" signature="" testduration="0" testsuccess="0"/>
        <line num="541" type="stmt" complexity="0" count="1" falsecount="0" truecount="0" signature="" testduration="0" testsuccess="0"/>
        <line num="542" type="stmt" complexity="0" count="1" falsecount="0" truecount="0" signature="" testduration="0" testsuccess="0"/>
        <line num="543" type="stmt" complexity="0" count="1" falsecount="0" truecount="0" signature="" testduration="0" testsuccess="0"/>
        <line num="544" type="stmt" complexity="0" count="1" falsecount="0" truecount="0" signature="" testduration="0" testsuccess="0"/>
        <line num="545" type="stmt" complexity="0" count="1" falsecount="0" truecount="0" signature="" testduration="0" testsuccess="0"/>
        <line num="546" type="stmt" complexity="0" count="1" falsecount="0" truecount="0" signature="" testduration="0" testsuccess="0"/>
        <line num="547" type="stmt" complexity="0" count="1" falsecount="0" truecount="0" signature="" testduration="0" testsuccess="0"/>
        <line num="548" type="stmt" complexity="0" count="1" falsecount="0" truecount="0" signature="" testduration="0" testsuccess="0"/>
        <line num="550" type="stmt" complexity="0" count="1" falsecount="0" truecount="0" signature="" testduration="0" testsuccess="0"/>
        <line num="551" type="stmt" complexity="0" count="1" falsecount="0" truecount="0" signature="" testduration="0" testsuccess="0"/>
        <line num="553" type="stmt" complexity="0" count="0" falsecount="0" truecount="0" signature="" testduration="0" testsuccess="0"/>
        <line num="554" type="stmt" complexity="0" count="0" falsecount="0" truecount="0" signature="" testduration="0" testsuccess="0"/>
        <line num="555" type="stmt" complexity="0" count="0" falsecount="0" truecount="0" signature="" testduration="0" testsuccess="0"/>
        <line num="558" type="stmt" complexity="0" count="1" falsecount="0" truecount="0" signature="" testduration="0" testsuccess="0"/>
        <line num="559" type="stmt" complexity="0" count="1" falsecount="0" truecount="0" signature="" testduration="0" testsuccess="0"/>
        <line num="560" type="stmt" complexity="0" count="1" falsecount="0" truecount="0" signature="" testduration="0" testsuccess="0"/>
        <line num="562" type="stmt" complexity="0" count="0" falsecount="0" truecount="0" signature="" testduration="0" testsuccess="0"/>
        <line num="563" type="stmt" complexity="0" count="0" falsecount="0" truecount="0" signature="" testduration="0" testsuccess="0"/>
        <line num="566" type="stmt" complexity="0" count="1" falsecount="0" truecount="0" signature="" testduration="0" testsuccess="0"/>
        <line num="567" type="stmt" complexity="0" count="0" falsecount="0" truecount="0" signature="" testduration="0" testsuccess="0"/>
        <line num="570" type="stmt" complexity="0" count="1" falsecount="0" truecount="0" signature="" testduration="0" testsuccess="0"/>
        <line num="571" type="stmt" complexity="0" count="0" falsecount="0" truecount="0" signature="" testduration="0" testsuccess="0"/>
        <line num="572" type="stmt" complexity="0" count="0" falsecount="0" truecount="0" signature="" testduration="0" testsuccess="0"/>
        <line num="574" type="stmt" complexity="0" count="1" falsecount="0" truecount="0" signature="" testduration="0" testsuccess="0"/>
        <line num="575" type="stmt" complexity="0" count="0" falsecount="0" truecount="0" signature="" testduration="0" testsuccess="0"/>
        <line num="576" type="stmt" complexity="0" count="0" falsecount="0" truecount="0" signature="" testduration="0" testsuccess="0"/>
        <line num="578" type="stmt" complexity="0" count="1" falsecount="0" truecount="0" signature="" testduration="0" testsuccess="0"/>
        <line num="579" type="stmt" complexity="0" count="0" falsecount="0" truecount="0" signature="" testduration="0" testsuccess="0"/>
        <line num="580" type="stmt" complexity="0" count="0" falsecount="0" truecount="0" signature="" testduration="0" testsuccess="0"/>
        <line num="582" type="stmt" complexity="0" count="1" falsecount="0" truecount="0" signature="" testduration="0" testsuccess="0"/>
        <line num="584" type="stmt" complexity="0" count="1" falsecount="0" truecount="0" signature="" testduration="0" testsuccess="0"/>
        <line num="594" type="stmt" complexity="0" count="0" falsecount="0" truecount="0" signature="" testduration="0" testsuccess="0"/>
        <line num="595" type="stmt" complexity="0" count="0" falsecount="0" truecount="0" signature="" testduration="0" testsuccess="0"/>
        <line num="596" type="stmt" complexity="0" count="0" falsecount="0" truecount="0" signature="" testduration="0" testsuccess="0"/>
        <line num="597" type="stmt" complexity="0" count="0" falsecount="0" truecount="0" signature="" testduration="0" testsuccess="0"/>
        <line num="600" type="stmt" complexity="0" count="0" falsecount="0" truecount="0" signature="" testduration="0" testsuccess="0"/>
        <line num="614" type="stmt" complexity="0" count="0" falsecount="0" truecount="0" signature="" testduration="0" testsuccess="0"/>
        <line num="615" type="stmt" complexity="0" count="0" falsecount="0" truecount="0" signature="" testduration="0" testsuccess="0"/>
        <line num="616" type="stmt" complexity="0" count="0" falsecount="0" truecount="0" signature="" testduration="0" testsuccess="0"/>
        <line num="617" type="stmt" complexity="0" count="0" falsecount="0" truecount="0" signature="" testduration="0" testsuccess="0"/>
        <line num="620" type="stmt" complexity="0" count="0" falsecount="0" truecount="0" signature="" testduration="0" testsuccess="0"/>
        <line num="621" type="stmt" complexity="0" count="0" falsecount="0" truecount="0" signature="" testduration="0" testsuccess="0"/>
        <line num="622" type="stmt" complexity="0" count="0" falsecount="0" truecount="0" signature="" testduration="0" testsuccess="0"/>
        <line num="623" type="stmt" complexity="0" count="0" falsecount="0" truecount="0" signature="" testduration="0" testsuccess="0"/>
        <line num="624" type="stmt" complexity="0" count="0" falsecount="0" truecount="0" signature="" testduration="0" testsuccess="0"/>
        <line num="625" type="stmt" complexity="0" count="0" falsecount="0" truecount="0" signature="" testduration="0" testsuccess="0"/>
        <line num="626" type="stmt" complexity="0" count="0" falsecount="0" truecount="0" signature="" testduration="0" testsuccess="0"/>
        <line num="628" type="stmt" complexity="0" count="0" falsecount="0" truecount="0" signature="" testduration="0" testsuccess="0"/>
        <line num="629" type="stmt" complexity="0" count="0" falsecount="0" truecount="0" signature="" testduration="0" testsuccess="0"/>
        <line num="630" type="stmt" complexity="0" count="0" falsecount="0" truecount="0" signature="" testduration="0" testsuccess="0"/>
        <line num="631" type="stmt" complexity="0" count="0" falsecount="0" truecount="0" signature="" testduration="0" testsuccess="0"/>
        <line num="633" type="stmt" complexity="0" count="0" falsecount="0" truecount="0" signature="" testduration="0" testsuccess="0"/>
        <line num="634" type="stmt" complexity="0" count="0" falsecount="0" truecount="0" signature="" testduration="0" testsuccess="0"/>
        <line num="635" type="stmt" complexity="0" count="0" falsecount="0" truecount="0" signature="" testduration="0" testsuccess="0"/>
        <line num="637" type="stmt" complexity="0" count="0" falsecount="0" truecount="0" signature="" testduration="0" testsuccess="0"/>
        <line num="640" type="stmt" complexity="0" count="0" falsecount="0" truecount="0" signature="" testduration="0" testsuccess="0"/>
        <line num="641" type="stmt" complexity="0" count="0" falsecount="0" truecount="0" signature="" testduration="0" testsuccess="0"/>
        <line num="642" type="stmt" complexity="0" count="0" falsecount="0" truecount="0" signature="" testduration="0" testsuccess="0"/>
        <line num="643" type="stmt" complexity="0" count="0" falsecount="0" truecount="0" signature="" testduration="0" testsuccess="0"/>
        <line num="645" type="stmt" complexity="0" count="0" falsecount="0" truecount="0" signature="" testduration="0" testsuccess="0"/>
        <line num="647" type="stmt" complexity="0" count="0" falsecount="0" truecount="0" signature="" testduration="0" testsuccess="0"/>
        <line num="661" type="stmt" complexity="0" count="0" falsecount="0" truecount="0" signature="" testduration="0" testsuccess="0"/>
        <line num="662" type="stmt" complexity="0" count="0" falsecount="0" truecount="0" signature="" testduration="0" testsuccess="0"/>
        <line num="663" type="stmt" complexity="0" count="0" falsecount="0" truecount="0" signature="" testduration="0" testsuccess="0"/>
        <line num="664" type="stmt" complexity="0" count="0" falsecount="0" truecount="0" signature="" testduration="0" testsuccess="0"/>
        <line num="665" type="stmt" complexity="0" count="0" falsecount="0" truecount="0" signature="" testduration="0" testsuccess="0"/>
        <line num="668" type="stmt" complexity="0" count="0" falsecount="0" truecount="0" signature="" testduration="0" testsuccess="0"/>
        <line num="669" type="stmt" complexity="0" count="0" falsecount="0" truecount="0" signature="" testduration="0" testsuccess="0"/>
        <line num="670" type="stmt" complexity="0" count="0" falsecount="0" truecount="0" signature="" testduration="0" testsuccess="0"/>
        <line num="671" type="stmt" complexity="0" count="0" falsecount="0" truecount="0" signature="" testduration="0" testsuccess="0"/>
        <line num="675" type="stmt" complexity="0" count="0" falsecount="0" truecount="0" signature="" testduration="0" testsuccess="0"/>
        <line num="689" type="stmt" complexity="0" count="0" falsecount="0" truecount="0" signature="" testduration="0" testsuccess="0"/>
        <line num="690" type="stmt" complexity="0" count="0" falsecount="0" truecount="0" signature="" testduration="0" testsuccess="0"/>
        <line num="691" type="stmt" complexity="0" count="0" falsecount="0" truecount="0" signature="" testduration="0" testsuccess="0"/>
        <line num="692" type="stmt" complexity="0" count="0" falsecount="0" truecount="0" signature="" testduration="0" testsuccess="0"/>
        <line num="693" type="stmt" complexity="0" count="0" falsecount="0" truecount="0" signature="" testduration="0" testsuccess="0"/>
        <line num="696" type="stmt" complexity="0" count="0" falsecount="0" truecount="0" signature="" testduration="0" testsuccess="0"/>
        <line num="697" type="stmt" complexity="0" count="0" falsecount="0" truecount="0" signature="" testduration="0" testsuccess="0"/>
        <line num="698" type="stmt" complexity="0" count="0" falsecount="0" truecount="0" signature="" testduration="0" testsuccess="0"/>
        <line num="699" type="stmt" complexity="0" count="0" falsecount="0" truecount="0" signature="" testduration="0" testsuccess="0"/>
        <line num="700" type="stmt" complexity="0" count="0" falsecount="0" truecount="0" signature="" testduration="0" testsuccess="0"/>
        <line num="701" type="stmt" complexity="0" count="0" falsecount="0" truecount="0" signature="" testduration="0" testsuccess="0"/>
        <line num="704" type="stmt" complexity="0" count="0" falsecount="0" truecount="0" signature="" testduration="0" testsuccess="0"/>
        <line num="705" type="stmt" complexity="0" count="0" falsecount="0" truecount="0" signature="" testduration="0" testsuccess="0"/>
        <line num="706" type="stmt" complexity="0" count="0" falsecount="0" truecount="0" signature="" testduration="0" testsuccess="0"/>
        <line num="707" type="stmt" complexity="0" count="0" falsecount="0" truecount="0" signature="" testduration="0" testsuccess="0"/>
        <line num="711" type="stmt" complexity="0" count="0" falsecount="0" truecount="0" signature="" testduration="0" testsuccess="0"/>
        <line num="725" type="stmt" complexity="0" count="1" falsecount="0" truecount="0" signature="" testduration="0" testsuccess="0"/>
        <line num="727" type="stmt" complexity="0" count="1" falsecount="0" truecount="0" signature="" testduration="0" testsuccess="0"/>
        <line num="728" type="stmt" complexity="0" count="1" falsecount="0" truecount="0" signature="" testduration="0" testsuccess="0"/>
        <line num="729" type="stmt" complexity="0" count="1" falsecount="0" truecount="0" signature="" testduration="0" testsuccess="0"/>
        <line num="732" type="stmt" complexity="0" count="1" falsecount="0" truecount="0" signature="" testduration="0" testsuccess="0"/>
        <line num="733" type="stmt" complexity="0" count="1" falsecount="0" truecount="0" signature="" testduration="0" testsuccess="0"/>
        <line num="734" type="stmt" complexity="0" count="1" falsecount="0" truecount="0" signature="" testduration="0" testsuccess="0"/>
        <line num="737" type="stmt" complexity="0" count="1" falsecount="0" truecount="0" signature="" testduration="0" testsuccess="0"/>
        <line num="738" type="stmt" complexity="0" count="1" falsecount="0" truecount="0" signature="" testduration="0" testsuccess="0"/>
        <line num="739" type="stmt" complexity="0" count="1" falsecount="0" truecount="0" signature="" testduration="0" testsuccess="0"/>
        <line num="742" type="stmt" complexity="0" count="1" falsecount="0" truecount="0" signature="" testduration="0" testsuccess="0"/>
        <line num="743" type="stmt" complexity="0" count="1" falsecount="0" truecount="0" signature="" testduration="0" testsuccess="0"/>
        <line num="744" type="stmt" complexity="0" count="1" falsecount="0" truecount="0" signature="" testduration="0" testsuccess="0"/>
        <line num="747" type="stmt" complexity="0" count="1" falsecount="0" truecount="0" signature="" testduration="0" testsuccess="0"/>
[...]
        <line num="1098" type="stmt" complexity="0" count="0" falsecount="0" truecount="0" signature="" testduration="0" testsuccess="0"/>
        <line num="1099" type="stmt" complexity="0" count="0" falsecount="0" truecount="0" signature="" testduration="0" testsuccess="0"/>
        <line num="1100" type="stmt" complexity="0" count="0" falsecount="0" truecount="0" signature="" testduration="0" testsuccess="0"/>
        <line num="1101" type="stmt" complexity="0" count="0" falsecount="0" truecount="0" signature="" testduration="0" testsuccess="0"/>
        <line num="1102" type="stmt" complexity="0" count="0" falsecount="0" truecount="0" signature="" testduration="0" testsuccess="0"/>
        <line num="1104" type="stmt" complexity="0" count="0" falsecount="0" truecount="0" signature="" testduration="0" testsuccess="0"/>
        <line num="1105" type="stmt" complexity="0" count="0" falsecount="0" truecount="0" signature="" testduration="0" testsuccess="0"/>
        <line num="1106" type="stmt" complexity="0" count="0" falsecount="0" truecount="0" signature="" testduration="0" testsuccess="0"/>
        <line num="1107" type="stmt" complexity="0" count="0" falsecount="0" truecount="0" signature="" testduration="0" testsuccess="0"/>
        <line num="1108" type="stmt" complexity="0" count="0" falsecount="0" truecount="0" signature="" testduration="0" testsuccess="0"/>
        <line num="1111" type="stmt" complexity="0" count="0" falsecount="0" truecount="0" signature="" testduration="0" testsuccess="0"/>
        <line num="1112" type="stmt" complexity="0" count="0" falsecount="0" truecount="0" signature="" testduration="0" testsuccess="0"/>
        <line num="1113" type="stmt" complexity="0" count="0" falsecount="0" truecount="0" signature="" testduration="0" testsuccess="0"/>
        <line num="1114" type="stmt" complexity="0" count="0" falsecount="0" truecount="0" signature="" testduration="0" testsuccess="0"/>
        <line num="1115" type="stmt" complexity="0" count="0" falsecount="0" truecount="0" signature="" testduration="0" testsuccess="0"/>
        <line num="1118" type="stmt" complexity="0" count="0" falsecount="0" truecount="0" signature="" testduration="0" testsuccess="0"/>
        <line num="1119" type="stmt" complexity="0" count="0" falsecount="0" truecount="0" signature="" testduration="0" testsuccess="0"/>
        <line num="1120" type="stmt" complexity="0" count="0" falsecount="0" truecount="0" signature="" testduration="0" testsuccess="0"/>
        <line num="1121" type="stmt" complexity="0" count="0" falsecount="0" truecount="0" signature="" testduration="0" testsuccess="0"/>
        <line num="1122" type="stmt" complexity="0" count="0" falsecount="0" truecount="0" signature="" testduration="0" testsuccess="0"/>
        <line num="1126" type="stmt" complexity="0" count="0" falsecount="0" truecount="0" signature="" testduration="0" testsuccess="0"/>
        <line num="1127" type="stmt" complexity="0" count="0" falsecount="0" truecount="0" signature="" testduration="0" testsuccess="0"/>
        <line num="1128" type="stmt" complexity="0" count="0" falsecount="0" truecount="0" signature="" testduration="0" testsuccess="0"/>
        <line num="1129" type="stmt" complexity="0" count="0" falsecount="0" truecount="0" signature="" testduration="0" testsuccess="0"/>
        <line num="1130" type="stmt" complexity="0" count="0" falsecount="0" truecount="0" signature="" testduration="0" testsuccess="0"/>
        <line num="1133" type="stmt" complexity="0" count="0" falsecount="0" truecount="0" signature="" testduration="0" testsuccess="0"/>
        <line num="1137" type="stmt" complexity="0" count="0" falsecount="0" truecount="0" signature="" testduration="0" testsuccess="0"/>
        <line num="1138" type="stmt" complexity="0" count="0" falsecount="0" truecount="0" signature="" testduration="0" testsuccess="0"/>
        <line num="1139" type="stmt" complexity="0" count="0" falsecount="0" truecount="0" signature="" testduration="0" testsuccess="0"/>
        <line num="1140" type="stmt" complexity="0" count="0" falsecount="0" truecount="0" signature="" testduration="0" testsuccess="0"/>
        <line num="1141" type="stmt" complexity="0" count="0" falsecount="0" truecount="0" signature="" testduration="0" testsuccess="0"/>
        <line num="1142" type="stmt" complexity="0" count="0" falsecount="0" truecount="0" signature="" testduration="0" testsuccess="0"/>
        <line num="1143" type="stmt" complexity="0" count="0" falsecount="0" truecount="0" signature="" testduration="0" testsuccess="0"/>
        <line num="1144" type="stmt" complexity="0" count="0" falsecount="0" truecount="0" signature="" testduration="0" testsuccess="0"/>
        <line num="1146" type="stmt" complexity="0" count="0" falsecount="0" truecount="0" signature="" testduration="0" testsuccess="0"/>
        <line num="1147" type="stmt" complexity="0" count="0" falsecount="0" truecount="0" signature="" testduration="0" testsuccess="0"/>
        <line num="1148" type="stmt" complexity="0" count="0" falsecount="0" truecount="0" signature="" testduration="0" testsuccess="0"/>
        <line num="1149" type="stmt" complexity="0" count="0" falsecount="0" truecount="0" signature="" testduration="0" testsuccess="0"/>
        <line num="1150" type="stmt" complexity="0" count="0" falsecount="0" truecount="0" signature="" testduration="0" testsuccess="0"/>
        <line num="1151" type="stmt" complexity="0" count="0" falsecount="0" truecount="0" signature="" testduration="0" testsuccess="0"/>
        <line num="1152" type="stmt" complexity="0" count="0" falsecount="0" truecount="0" signature="" testduration="0" testsuccess="0"/>
        <line num="1153" type="stmt" complexity="0" count="0" falsecount="0" truecount="0" signature="" testduration="0" testsuccess="0"/>
        <line num="1155" type="stmt" complexity="0" count="0" falsecount="0" truecount="0" signature="" testduration="0" testsuccess="0"/>
        <line num="1156" type="stmt" complexity="0" count="0" falsecount="0" truecount="0" signature="" testduration="0" testsuccess="0"/>
        <line num="1157" type="stmt" complexity="0" count="0" falsecount="0" truecount="0" signature="" testduration="0" testsuccess="0"/>
        <line num="1158" type="stmt" complexity="0" count="0" falsecount="0" truecount="0" signature="" testduration="0" testsuccess="0"/>
        <line num="1159" type="stmt" complexity="0" count="0" falsecount="0" truecount="0" signature="" testduration="0" testsuccess="0"/>
        <line num="1160" type="stmt" complexity="0" count="0" falsecount="0" truecount="0" signature="" testduration="0" testsuccess="0"/>
        <line num="1161" type="stmt" complexity="0" count="0" falsecount="0" truecount="0" signature="" testduration="0" testsuccess="0"/>
        <line num="1163" type="stmt" complexity="0" count="0" falsecount="0" truecount="0" signature="" testduration="0" testsuccess="0"/>
        <line num="1177" type="stmt" complexity="0" count="0" falsecount="0" truecount="0" signature="" testduration="0" testsuccess="0"/>
        <line num="1178" type="stmt" complexity="0" count="0" falsecount="0" truecount="0" signature="" testduration="0" testsuccess="0"/>
        <line num="1179" type="stmt" complexity="0" count="0" falsecount="0" truecount="0" signature="" testduration="0" testsuccess="0"/>
        <line num="1181" type="stmt" complexity="0" count="0" falsecount="0" truecount="0" signature="" testduration="0" testsuccess="0"/>
        <line num="1183" type="stmt" complexity="0" count="0" falsecount="0" truecount="0" signature="" testduration="0" testsuccess="0"/>
        <line num="1185" type="stmt" complexity="0" count="0" falsecount="0" truecount="0" signature="" testduration="0" testsuccess="0"/>
        <line num="1186" type="stmt" complexity="0" count="0" falsecount="0" truecount="0" signature="" testduration="0" testsuccess="0"/>
        <line num="1187" type="stmt" complexity="0" count="0" falsecount="0" truecount="0" signature="" testduration="0" testsuccess="0"/>
        <line num="1188" type="stmt" complexity="0" count="0" falsecount="0" truecount="0" signature="" testduration="0" testsuccess="0"/>
        <line num="1189" type="stmt" complexity="0" count="0" falsecount="0" truecount="0" signature="" testduration="0" testsuccess="0"/>
        <line num="1191" type="stmt" complexity="0" count="0" falsecount="0" truecount="0" signature="" testduration="0" testsuccess="0"/>
        <line num="1194" type="stmt" complexity="0" count="0" falsecount="0" truecount="0" signature="" testduration="0" testsuccess="0"/>
        <line num="1195" type="stmt" complexity="0" count="0" falsecount="0" truecount="0" signature="" testduration="0" testsuccess="0"/>
        <line num="1196" type="stmt" complexity="0" count="0" falsecount="0" truecount="0" signature="" testduration="0" testsuccess="0"/>
        <line num="1197" type="stmt" complexity="0" count="0" falsecount="0" truecount="0" signature="" testduration="0" testsuccess="0"/>
        <line num="1199" type="stmt" complexity="0" count="0" falsecount="0" truecount="0" signature="" testduration="0" testsuccess="0"/>
        <line num="1200" type="stmt" complexity="0" count="0" falsecount="0" truecount="0" signature="" testduration="0" testsuccess="0"/>
        <line num="1201" type="stmt" complexity="0" count="0" falsecount="0" truecount="0" signature="" testduration="0" testsuccess="0"/>
        <line num="1205" type="stmt" complexity="0" count="0" falsecount="0" truecount="0" signature="" testduration="0" testsuccess="0"/>
        <line num="1209" type="stmt" complexity="0" count="0" falsecount="0" truecount="0" signature="" testduration="0" testsuccess="0"/>
        <line num="1221" type="stmt" complexity="0" count="0" falsecount="0" truecount="0" signature="" testduration="0" testsuccess="0"/>
        <line num="1226" type="stmt" complexity="0" count="0" falsecount="0" truecount="0" signature="" testduration="0" testsuccess="0"/>
        <line num="1227" type="stmt" complexity="0" count="0" falsecount="0" truecount="0" signature="" testduration="0" testsuccess="0"/>
        <line num="1229" type="stmt" complexity="0" count="0" falsecount="0" truecount="0" signature="" testduration="0" testsuccess="0"/>
        <line num="1231" type="stmt" complexity="0" count="0" falsecount="0" truecount="0" signature="" testduration="0" testsuccess="0"/>
        <line num="1245" type="stmt" complexity="0" count="0" falsecount="0" truecount="0" signature="" testduration="0" testsuccess="0"/>
        <line num="1246" type="stmt" complexity="0" count="0" falsecount="0" truecount="0" signature="" testduration="0" testsuccess="0"/>
        <line num="1250" type="stmt" complexity="0" count="0" falsecount="0" truecount="0" signature="" testduration="0" testsuccess="0"/>
        <line num="1251" type="stmt" complexity="0" count="0" falsecount="0" truecount="0" signature="" testduration="0" testsuccess="0"/>
        <line num="1252" type="stmt" complexity="0" count="0" falsecount="0" truecount="0" signature="" testduration="0" testsuccess="0"/>
        <line num="1253" type="stmt" complexity="0" count="0" falsecount="0" truecount="0" signature="" testduration="0" testsuccess="0"/>
        <line num="1254" type="stmt" complexity="0" count="0" falsecount="0" truecount="0" signature="" testduration="0" testsuccess="0"/>
        <line num="1255" type="stmt" complexity="0" count="0" falsecount="0" truecount="0" signature="" testduration="0" testsuccess="0"/>
        <line num="1258" type="stmt" complexity="0" count="0" falsecount="0" truecount="0" signature="" testduration="0" testsuccess="0"/>
        <line num="1259" type="stmt" complexity="0" count="0" falsecount="0" truecount="0" signature="" testduration="0" testsuccess="0"/>
        <line num="1261" type="stmt" complexity="0" count="0" falsecount="0" truecount="0" signature="" testduration="0" testsuccess="0"/>
        <line num="1262" type="stmt" complexity="0" count="0" falsecount="0" truecount="0" signature="" testduration="0" testsuccess="0"/>
        <line num="1263" type="stmt" complexity="0" count="0" falsecount="0" truecount="0" signature="" testduration="0" testsuccess="0"/>
        <line num="1264" type="stmt" complexity="0" count="0" falsecount="0" truecount="0" signature="" testduration="0" testsuccess="0"/>
        <line num="1269" type="stmt" complexity="0" count="0" falsecount="0" truecount="0" signature="" testduration="0" testsuccess="0"/>
        <line num="1282" type="stmt" complexity="0" count="1" falsecount="0" truecount="0" signature="" testduration="0" testsuccess="0"/>
        <line num="1283" type="stmt" complexity="0" count="1" falsecount="0" truecount="0" signature="" testduration="0" testsuccess="0"/>
        <line num="1284" type="stmt" complexity="0" count="1" falsecount="0" truecount="0" signature="" testduration="0" testsuccess="0"/>
        <line num="1285" type="stmt" complexity="0" count="1" falsecount="0" truecount="0" signature="" testduration="0" testsuccess="0"/>
        <line num="1286" type="stmt" complexity="0" count="1" falsecount="0" truecount="0" signature="" testduration="0" testsuccess="0"/>
        <line num="1287" type="stmt" complexity="0" count="1" falsecount="0" truecount="0" signature="" testduration="0" testsuccess="0"/>
        <line num="1288" type="stmt" complexity="0" count="1" falsecount="0" truecount="0" signature="" testduration="0" testsuccess="0"/>
        <line num="1290" type="stmt" complexity="0" count="1" falsecount="0" truecount="0" signature="" testduration="0" testsuccess="0"/>
        <line num="1302" type="stmt" complexity="0" count="1" falsecount="0" truecount="0" signature="" testduration="0" testsuccess="0"/>
        <line num="1314" type="stmt" complexity="0" count="1" falsecount="0" truecount="0" signature="" testduration="0" testsuccess="0"/>
        <line num="1326" type="stmt" complexity="0" count="1" falsecount="0" truecount="0" signature="" testduration="0" testsuccess="0"/>
        <line num="1339" type="stmt" complexity="0" count="1" falsecount="0" truecount="0" signature="" testduration="0" testsuccess="0"/>
        <line num="1351" type="stmt" complexity="0" count="0" falsecount="0" truecount="0" signature="" testduration="0" testsuccess="0"/>
        <line num="1352" type="stmt" complexity="0" count="0" falsecount="0" truecount="0" signature="" testduration="0" testsuccess="0"/>
        <line num="1354" type="stmt" complexity="0" count="0" falsecount="0" truecount="0" signature="" testduration="0" testsuccess="0"/>
        <line num="1355" type="stmt" complexity="0" count="0" falsecount="0" truecount="0" signature="" testduration="0" testsuccess="0"/>
        <line num="1357" type="stmt" complexity="0" count="0" falsecount="0" truecount="0" signature="" testduration="0" testsuccess="0"/>
        <line num="1358" type="stmt" complexity="0" count="0" falsecount="0" truecount="0" signature="" testduration="0" testsuccess="0"/>
        <line num="1360" type="stmt" complexity="0" count="0" falsecount="0" truecount="0" signature="" testduration="0" testsuccess="0"/>
        <line num="1372" type="stmt" complexity="0" count="0" falsecount="0" truecount="0" signature="" testduration="0" testsuccess="0"/>
        <line num="1374" type="stmt" complexity="0" count="0" falsecount="0" truecount="0" signature="" testduration="0" testsuccess="0"/>
        <line num="1375" type="stmt" complexity="0" count="0" falsecount="0" truecount="0" signature="" testduration="0" testsuccess="0"/>
        <line num="1376" type="stmt" complexity="0" count="0" falsecount="0" truecount="0" signature="" testduration="0" testsuccess="0"/>
        <line num="1380" type="stmt" complexity="0" count="0" falsecount="0" truecount="0" signature="" testduration="0" testsuccess="0"/>
        <line num="1392" type="stmt" complexity="0" count="0" falsecount="0" truecount="0" signature="" testduration="0" testsuccess="0"/>
        <line num="1394" type="stmt" complexity="0" count="0" falsecount="0" truecount="0" signature="" testduration="0" testsuccess="0"/>
        <line num="1395" type="stmt" complexity="0" count="0" falsecount="0" truecount="0" signature="" testduration="0" testsuccess="0"/>
        <line num="1396" type="stmt" complexity="0" count="0" falsecount="0" truecount="0" signature="" testduration="0" testsuccess="0"/>
        <line num="1400" type="stmt" complexity="0" count="0" falsecount="0" truecount="0" signature="" testduration="0" testsuccess="0"/>
        <line num="1412" type="stmt" complexity="0" count="0" falsecount="0" truecount="0" signature="" testduration="0" testsuccess="0"/>
        <line num="1413" type="stmt" complexity="0" count="0" falsecount="0" truecount="0" signature="" testduration="0" testsuccess="0"/>
        <line num="1421" type="stmt" complexity="0" count="0" falsecount="0" truecount="0" signature="" testduration="0" testsuccess="0"/>
        <line num="1422" type="stmt" complexity="0" count="0" falsecount="0" truecount="0" signature="" testduration="0" testsuccess="0"/>
        <line num="1423" type="stmt" complexity="0" count="0" falsecount="0" truecount="0" signature="" testduration="0" testsuccess="0"/>
        <line num="1425" type="stmt" complexity="0" count="0" falsecount="0" truecount="0" signature="" testduration="0" testsuccess="0"/>
        <line num="1427" type="stmt" complexity="0" count="0" falsecount="0" truecount="0" signature="" testduration="0" testsuccess="0"/>
        <line num="1428" type="stmt" complexity="0" count="0" falsecount="0" truecount="0" signature="" testduration="0" testsuccess="0"/>
        <line num="1431" type="stmt" complexity="0" count="0" falsecount="0" truecount="0" signature="" testduration="0" testsuccess="0"/>
        <line num="1435" type="stmt" complexity="0" count="0" falsecount="0" truecount="0" signature="" testduration="0" testsuccess="0"/>
        <line num="1436" type="stmt" complexity="0" count="0" falsecount="0" truecount="0" signature="" testduration="0" testsuccess="0"/>
        <line num="1438" type="stmt" complexity="0" count="0" falsecount="0" truecount="0" signature="" testduration="0" testsuccess="0"/>
        <line num="1439" type="stmt" complexity="0" count="0" falsecount="0" truecount="0" signature="" testduration="0" testsuccess="0"/>
        <line num="1440" type="stmt" complexity="0" count="0" falsecount="0" truecount="0" signature="" testduration="0" testsuccess="0"/>
        <line num="1442" type="stmt" complexity="0" count="0" falsecount="0" truecount="0" signature="" testduration="0" testsuccess="0"/>
        <class name="Fonctions">
          <metrics complexity="0" elements="745" coveredelements="12" conditionals="0" coveredconditionals="0" statements="711" coveredstatements="12" methods="34" coveredmethods="0" testduration="0" testfailures="0" testpasses="0" testruns="0"/>
        </class>
        <metrics complexity="0" elements="745" coveredelements="17" conditionals="0" coveredconditionals="0" statements="711" coveredstatements="12" methods="34" coveredmethods="5" testduration="0" testfailures="0" testpasses="0" testruns="0" classes="1" loc="711" ncloc="711"/>
      </file>
      <metrics complexity="0" elements="2163" coveredelements="500" conditionals="0" coveredconditionals="0" statements="1951" coveredstatements="439" methods="212" coveredmethods="61" testduration="0" testfailures="0" testpasses="0" testruns="0" classes="21" loc="1951" ncloc="1951" files="21"/>
    </package>
    <metrics complexity="0" elements="2163" coveredelements="500" conditionals="0" coveredconditionals="0" statements="1951" coveredstatements="439" methods="212" coveredmethods="61" testduration="0" testfailures="0" testpasses="0" testruns="0" classes="21" loc="1951" ncloc="1951" files="21" packages="1"/>
  </project>
</coverage>
